<?xml version="1.0" encoding="UTF-8"?>
<!-- Generated by org.testng.reporters.JUnitReportReporter -->
<testsuite hostname="DESKTOP-BH2O24V" failures="0" tests="1" name="magentoWebSite.MyTestCases" time="34.060" errors="0" timestamp="2024-01-31T01:26:50 EET" skipped="0">
  <testcase classname="magentoWebSite.MyTestCases" name="signUp" time="34.060"/>
  <system-out/>
</testsuite> <!-- magentoWebSite.MyTestCases -->
